Preparing...                          ########################################
Updating / installing...
libgcc-4.8.5-36.el7_6.1               ########################################
glibc-common-2.17-260.el7_6.3         ########################################
glibc-2.17-260.el7_6.3                ########################################
Cleaning up / removing...
glibc-2.17-260.el7                    ########################################
glibc-common-2.17-260.el7             ########################################
libgcc-4.8.5-36.el7                   ########################################
Preparing...                          ########################################
Updating / installing...
mpfr-3.1.1-4.el7                      ########################################
libmpc-1.0.1-3.el7                    ########################################
cpp-4.8.5-36.el7_6.1                  ########################################
Preparing...                          ########################################
Updating / installing...
libgomp-4.8.5-36.el7_6.1              ########################################
Cleaning up / removing...
libgomp-4.8.5-36.el7                  ########################################
Preparing...                          ########################################
Updating / installing...
kernel-headers-3.10.0-957.10.1.el7    ########################################
glibc-headers-2.17-260.el7_6.3        ########################################
glibc-devel-2.17-260.el7_6.3          ########################################
gcc-4.8.5-36.el7_6.1                  ########################################
Preparing...                          ########################################
Updating / installing...
net-snmp-libs-1:5.7.2-37.el7          ########################################
perl-HTTP-Tiny-0.033-3.el7            ########################################
perl-parent-1:0.225-244.el7           ########################################
perl-podlators-2.5.1-3.el7            ########################################
perl-Pod-Perldoc-3.20-4.el7           ########################################
perl-Pod-Escapes-1:1.04-294.el7_6     ########################################
perl-Text-ParseWords-3.29-4.el7       ########################################
perl-Encode-2.51-7.el7                ########################################
perl-Pod-Usage-1.63-3.el7             ########################################
perl-libs-4:5.16.3-294.el7_6          ########################################
perl-macros-4:5.16.3-294.el7_6        ########################################
perl-Storable-2.45-3.el7              ########################################
perl-Exporter-5.68-3.el7              ########################################
perl-constant-1.27-2.el7              ########################################
perl-Time-Local-1.2300-2.el7          ########################################
perl-Socket-2.010-4.el7               ########################################
perl-Carp-1.26-244.el7                ########################################
perl-Time-HiRes-4:1.9725-3.el7        ########################################
perl-PathTools-3.40-5.el7             ########################################
perl-Scalar-List-Utils-1.27-248.el7   ########################################
perl-Pod-Simple-1:3.28-4.el7          ########################################
perl-File-Temp-0.23.01-3.el7          ########################################
perl-File-Path-2.09-2.el7             ########################################
perl-threads-shared-1.43-6.el7        ########################################
perl-threads-1.87-4.el7               ########################################
perl-Filter-1.49-3.el7                ########################################
perl-Getopt-Long-2.40-3.el7           ########################################
perl-4:5.16.3-294.el7_6               ########################################
lm_sensors-libs-3.4.0-6.20160601gitf91########################################
net-snmp-agent-libs-1:5.7.2-37.el7    ########################################
keepalived-1.3.5-8.el7_6              ########################################
